# JRE version: OpenJDK Runtime Environment (17.0+35) (build 17+35-2724)
# Java VM: OpenJDK 64-Bit Server VM (17+35-2724, mixed mode, sharing, tiered, compressed oops, compressed class ptrs, g1 gc, bsd-amd64)
GC Precious Log:
 CPUs: 8 total, 8 available
 Memory: 8192M
 Large Page Support: Disabled
 NUMA Support: Disabled
 Compressed Oops: Enabled (Zero based)
 Heap Region Size: 1M
 Heap Min Capacity: 8M
 Heap Initial Capacity: 128M
 Heap Max Capacity: 2G
 Pre-touch: Disabled
 Parallel Workers: 8
 Concurrent Workers: 2
 Concurrent Refinement Workers: 8
 Periodic GC: Disabled
Heap:
 garbage-first heap   total 231424K, used 112333K [0x0000000780000000, 0x0000000800000000)
  region size 1024K, 107 young (109568K), 1 survivors (1024K)
 Metaspace       used 8502K, committed 8768K, reserved 1064960K
  class space    used 909K, committed 1024K, reserved 1048576K
GC Heap History (20 events):
Event: 6.360 GC heap before
{Heap before GC invocations=30 (full 0):
 garbage-first heap   total 231424K, used 141827K [0x0000000780000000, 0x0000000800000000)
  region size 1024K, 135 young (138240K), 1 survivors (1024K)
 Metaspace       used 8399K, committed 8576K, reserved 1064960K
  class space    used 891K, committed 960K, reserved 1048576K
}
Event: 6.361 GC heap after
{Heap after GC invocations=31 (full 0):
 garbage-first heap   total 231424K, used 4668K [0x0000000780000000, 0x0000000800000000)
  region size 1024K, 1 young (1024K), 1 survivors (1024K)
 Metaspace       used 8399K, committed 8576K, reserved 1064960K
  class space    used 891K, committed 960K, reserved 1048576K
}
Event: 6.580 GC heap before
{Heap before GC invocations=31 (full 0):
 garbage-first heap   total 231424K, used 141884K [0x0000000780000000, 0x0000000800000000)
  region size 1024K, 135 young (138240K), 1 survivors (1024K)
 Metaspace       used 8399K, committed 8576K, reserved 1064960K
  class space    used 891K, committed 960K, reserved 1048576K
}
Event: 6.582 GC heap after
{Heap after GC invocations=32 (full 0):
 garbage-first heap   total 231424K, used 4674K [0x0000000780000000, 0x0000000800000000)
  region size 1024K, 1 young (1024K), 1 survivors (1024K)
 Metaspace       used 8399K, committed 8576K, reserved 1064960K
  class space    used 891K, committed 960K, reserved 1048576K
}
Event: 6.819 GC heap before
{Heap before GC invocations=32 (full 0):
 garbage-first heap   total 231424K, used 141890K [0x0000000780000000, 0x0000000800000000)
  region size 1024K, 136 young (139264K), 1 survivors (1024K)
 Metaspace       used 8402K, committed 8576K, reserved 1064960K
  class space    used 893K, committed 960K, reserved 1048576K
}
Event: 6.820 GC heap after
{Heap after GC invocations=33 (full 0):
 garbage-first heap   total 231424K, used 4634K [0x0000000780000000, 0x0000000800000000)
  region size 1024K, 1 young (1024K), 1 survivors (1024K)
 Metaspace       used 8402K, committed 8576K, reserved 1064960K
  class space    used 893K, committed 960K, reserved 1048576K
}
Event: 7.026 GC heap before
{Heap before GC invocations=33 (full 0):
 garbage-first heap   total 231424K, used 141850K [0x0000000780000000, 0x0000000800000000)
  region size 1024K, 135 young (138240K), 1 survivors (1024K)
 Metaspace       used 8409K, committed 8576K, reserved 1064960K
  class space    used 893K, committed 960K, reserved 1048576K
}
Event: 7.027 GC heap after
{Heap after GC invocations=34 (full 0):
 garbage-first heap   total 231424K, used 4630K [0x0000000780000000, 0x0000000800000000)
  region size 1024K, 1 young (1024K), 1 survivors (1024K)
 Metaspace       used 8409K, committed 8576K, reserved 1064960K
  class space    used 893K, committed 960K, reserved 1048576K
}
Event: 7.260 GC heap before
{Heap before GC invocations=34 (full 0):
 garbage-first heap   total 231424K, used 141846K [0x0000000780000000, 0x0000000800000000)
  region size 1024K, 136 young (139264K), 1 survivors (1024K)
 Metaspace       used 8498K, committed 8704K, reserved 1064960K
  class space    used 909K, committed 1024K, reserved 1048576K
}
Event: 7.262 GC heap after
{Heap after GC invocations=35 (full 0):
 garbage-first heap   total 231424K, used 4782K [0x0000000780000000, 0x0000000800000000)
  region size 1024K, 1 young (1024K), 1 survivors (1024K)
 Metaspace       used 8498K, committed 8704K, reserved 1064960K
  class space    used 909K, committed 1024K, reserved 1048576K
}
Event: 7.467 GC heap before
{Heap before GC invocations=35 (full 0):
 garbage-first heap   total 231424K, used 140974K [0x0000000780000000, 0x0000000800000000)
  region size 1024K, 135 young (138240K), 1 survivors (1024K)
 Metaspace       used 8498K, committed 8704K, reserved 1064960K
  class space    used 909K, committed 1024K, reserved 1048576K
}
Event: 7.469 GC heap after
{Heap after GC invocations=36 (full 0):
 garbage-first heap   total 231424K, used 4784K [0x0000000780000000, 0x0000000800000000)
  region size 1024K, 1 young (1024K), 1 survivors (1024K)
 Metaspace       used 8498K, committed 8704K, reserved 1064960K
  class space    used 909K, committed 1024K, reserved 1048576K
}
Event: 7.684 GC heap before
{Heap before GC invocations=36 (full 0):
 garbage-first heap   total 231424K, used 142000K [0x0000000780000000, 0x0000000800000000)
  region size 1024K, 135 young (138240K), 1 survivors (1024K)
 Metaspace       used 8498K, committed 8704K, reserved 1064960K
  class space    used 909K, committed 1024K, reserved 1048576K
}
Event: 7.685 GC heap after
{Heap after GC invocations=37 (full 0):
 garbage-first heap   total 231424K, used 4832K [0x0000000780000000, 0x0000000800000000)
  region size 1024K, 1 young (1024K), 1 survivors (1024K)
 Metaspace       used 8498K, committed 8704K, reserved 1064960K
  class space    used 909K, committed 1024K, reserved 1048576K
}
Event: 7.886 GC heap before
{Heap before GC invocations=37 (full 0):
 garbage-first heap   total 231424K, used 142048K [0x0000000780000000, 0x0000000800000000)
  region size 1024K, 135 young (138240K), 1 survivors (1024K)
 Metaspace       used 8498K, committed 8704K, reserved 1064960K
  class space    used 909K, committed 1024K, reserved 1048576K
}
Event: 7.887 GC heap after
{Heap after GC invocations=38 (full 0):
 garbage-first heap   total 231424K, used 4813K [0x0000000780000000, 0x0000000800000000)
  region size 1024K, 1 young (1024K), 1 survivors (1024K)
 Metaspace       used 8498K, committed 8704K, reserved 1064960K
  class space    used 909K, committed 1024K, reserved 1048576K
}
Event: 8.097 GC heap before
{Heap before GC invocations=38 (full 0):
 garbage-first heap   total 231424K, used 142029K [0x0000000780000000, 0x0000000800000000)
  region size 1024K, 135 young (138240K), 1 survivors (1024K)
 Metaspace       used 8498K, committed 8704K, reserved 1064960K
  class space    used 909K, committed 1024K, reserved 1048576K
}
Event: 8.099 GC heap after
{Heap after GC invocations=39 (full 0):
 garbage-first heap   total 231424K, used 4820K [0x0000000780000000, 0x0000000800000000)
  region size 1024K, 1 young (1024K), 1 survivors (1024K)
 Metaspace       used 8498K, committed 8704K, reserved 1064960K
  class space    used 909K, committed 1024K, reserved 1048576K
}
Event: 8.319 GC heap before
{Heap before GC invocations=39 (full 0):
 garbage-first heap   total 231424K, used 142036K [0x0000000780000000, 0x0000000800000000)
  region size 1024K, 135 young (138240K), 1 survivors (1024K)
 Metaspace       used 8500K, committed 8768K, reserved 1064960K
  class space    used 909K, committed 1024K, reserved 1048576K
}
Event: 8.321 GC heap after
{Heap after GC invocations=40 (full 0):
 garbage-first heap   total 231424K, used 4813K [0x0000000780000000, 0x0000000800000000)
  region size 1024K, 1 young (1024K), 1 survivors (1024K)
 Metaspace       used 8500K, committed 8768K, reserved 1064960K
  class space    used 909K, committed 1024K, reserved 1048576K
}

